<?xml version="1.0" encoding="UTF-8"?>
<testng-results skipped="0" failed="0" ignored="0" total="1" passed="1">
  <reporter-output>
  </reporter-output>
  <suite name="Suite" duration-ms="11242" started-at="2018-05-28T06:26:08Z" finished-at="2018-05-28T06:26:19Z">
    <groups>
    </groups>
    <test name="Test" duration-ms="11242" started-at="2018-05-28T06:26:08Z" finished-at="2018-05-28T06:26:19Z">
      <class name="vsts.Sample_1">
        <test-method status="PASS" signature="sample()[pri:0, instance:vsts.Sample_1@7dc36524]" name="sample" duration-ms="11215" started-at="2018-05-28T06:26:08Z" finished-at="2018-05-28T06:26:19Z">
          <reporter-output>
          </reporter-output>
        </test-method> <!-- sample -->
      </class> <!-- vsts.Sample_1 -->
    </test> <!-- Test -->
  </suite> <!-- Suite -->
</testng-results>
