<?xml version="1.0" encoding="UTF-8"?>
<testng-results skipped="0" failed="0" ignored="0" total="1" passed="1">
  <reporter-output>
  </reporter-output>
  <suite name="Default suite" duration-ms="12348" started-at="2018-05-28T09:19:05Z" finished-at="2018-05-28T09:19:18Z">
    <groups>
    </groups>
    <test name="Default test" duration-ms="12348" started-at="2018-05-28T09:19:05Z" finished-at="2018-05-28T09:19:18Z">
      <class name="vsts.Sample_1">
        <test-method status="PASS" signature="sample()[pri:0, instance:vsts.Sample_1@58c1670b]" name="sample" duration-ms="12308" started-at="2018-05-28T09:19:05Z" finished-at="2018-05-28T09:19:18Z">
          <reporter-output>
          </reporter-output>
        </test-method> <!-- sample -->
      </class> <!-- vsts.Sample_1 -->
    </test> <!-- Default test -->
  </suite> <!-- Default suite -->
</testng-results>
